app/build/outputs/logs/manifest-merger-debug-report.txt
-- Merging decision tree log ---
manifest
ADDED from AndroidManifest.xml:2:1
	xmlns:android
		ADDED from AndroidManifest.xml:2:11
	package
		ADDED from AndroidManifest.xml:3:11
	android:versionName
		ADDED from AndroidManifest.xml:5:11
	android:versionCode
		ADDED from AndroidManifest.xml:4:11
		INJECTED from AndroidManifest.xml:0:0
		INJECTED from AndroidManifest.xml:0:0
uses-feature#android.hardware.bluetooth_le
ADDED from AndroidManifest.xml:8:3
MERGED from :estimote-sdk-preview::16:5
	android:required
		ADDED from AndroidManifest.xml:8:62
	android:name
		ADDED from AndroidManifest.xml:8:17
application
ADDED from AndroidManifest.xml:10:3
MERGED from :estimote-sdk-preview::20:5
	android:label
		ADDED from AndroidManifest.xml:12:7
	android:icon
		ADDED from AndroidManifest.xml:13:7
	android:theme
		ADDED from AndroidManifest.xml:14:7
	android:name
		ADDED from AndroidManifest.xml:11:7
activity#com.ecomhack.albertos.app.ViewMenuActivity
ADDED from AndroidManifest.xml:16:5
	android:screenOrientation
		ADDED from AndroidManifest.xml:19:9
	android:label
		ADDED from AndroidManifest.xml:18:9
	android:name
		ADDED from AndroidManifest.xml:17:9
intent-filter#android.intent.action.MAIN+android.intent.category.LAUNCHER
ADDED from AndroidManifest.xml:20:7
action#android.intent.action.MAIN
ADDED from AndroidManifest.xml:21:9
	android:name
		ADDED from AndroidManifest.xml:21:17
category#android.intent.category.LAUNCHER
ADDED from AndroidManifest.xml:22:9
	android:name
		ADDED from AndroidManifest.xml:22:19
activity#com.ecomhack.albertos.app.ViewCartActivity
ADDED from AndroidManifest.xml:26:7
	android:screenOrientation
		ADDED from AndroidManifest.xml:29:11
	android:label
		ADDED from AndroidManifest.xml:28:11
	android:name
		ADDED from AndroidManifest.xml:27:11
activity#com.ecomhack.albertos.app.ViewCheckout
ADDED from AndroidManifest.xml:32:7
	android:screenOrientation
		ADDED from AndroidManifest.xml:35:11
	android:label
		ADDED from AndroidManifest.xml:34:11
	android:name
		ADDED from AndroidManifest.xml:33:11
activity#com.ecomhack.albertos.app.RecognizeBeacon
ADDED from AndroidManifest.xml:60:7
	android:label
		ADDED from AndroidManifest.xml:62:11
	android:name
		ADDED from AndroidManifest.xml:61:11
uses-sdk
INJECTED from AndroidManifest.xml:0:0 reason: use-sdk injection requested
MERGED from :estimote-sdk-preview::7:5
	android:minSdkVersion
		INJECTED from AndroidManifest.xml:0:0
		INJECTED from AndroidManifest.xml:0:0
uses-permission#android.permission.BLUETOOTH
ADDED from :estimote-sdk-preview::10:5
	android:name
		ADDED from :estimote-sdk-preview::10:22
uses-permission#android.permission.BLUETOOTH_ADMIN
ADDED from :estimote-sdk-preview::11:5
	android:name
		ADDED from :estimote-sdk-preview::11:22
uses-permission#android.permission.INTERNET
ADDED from :estimote-sdk-preview::13:5
	android:name
		ADDED from :estimote-sdk-preview::13:22
uses-permission#android.permission.ACCESS_NETWORK_STATE
ADDED from :estimote-sdk-preview::14:5
	android:name
		ADDED from :estimote-sdk-preview::14:22
service#com.estimote.sdk.service.BeaconService
ADDED from :estimote-sdk-preview::21:9
	android:exported
		ADDED from :estimote-sdk-preview::23:13
	android:name
		ADDED from :estimote-sdk-preview::22:13